==14824== Memcheck, a memory error detector
==14824== Copyright (C) 2002-2015, and GNU GPL'd, by Julian Seward et al.
==14824== Using Valgrind-3.11.0 and LibVEX; rerun with -h for copyright info
==14824== Command: ./rand_str_sender
==14824== Parent PID: 4902
==14824== 
==14824== Thread 3:
==14824== Invalid write of size 1
==14824==    at 0x50D267B: _IO_default_xsputn (genops.c:450)
==14824==    by 0x50A550A: vfprintf (vfprintf.c:1632)
==14824==    by 0x50C71CA: vsprintf (iovsprintf.c:42)
==14824==    by 0x50AC9C6: sprintf (sprintf.c:32)
==14824==    by 0x4032D1: make_kv (in /home/hooney/workspace/random_string_sender/rand_str_sender)
==14824==    by 0x4025C0: convert_func (in /home/hooney/workspace/random_string_sender/rand_str_sender)
==14824==    by 0x4E416B9: start_thread (pthread_create.c:333)
==14824==  Address 0x545936f is 0 bytes after a block of size 15 alloc'd
==14824==    at 0x4C2DB8F: malloc (in /usr/lib/valgrind/vgpreload_memcheck-amd64-linux.so)
==14824==    by 0x4024BD: convert_func (in /home/hooney/workspace/random_string_sender/rand_str_sender)
==14824==    by 0x4E416B9: start_thread (pthread_create.c:333)
==14824== 
==14824== Invalid write of size 1
==14824==    at 0x50D267B: _IO_default_xsputn (genops.c:450)
==14824==    by 0x50A492C: vfprintf (vfprintf.c:1663)
==14824==    by 0x50C71CA: vsprintf (iovsprintf.c:42)
==14824==    by 0x50AC9C6: sprintf (sprintf.c:32)
==14824==    by 0x4032D1: make_kv (in /home/hooney/workspace/random_string_sender/rand_str_sender)
==14824==    by 0x4025C0: convert_func (in /home/hooney/workspace/random_string_sender/rand_str_sender)
==14824==    by 0x4E416B9: start_thread (pthread_create.c:333)
==14824==  Address 0x5459373 is 4 bytes after a block of size 15 alloc'd
==14824==    at 0x4C2DB8F: malloc (in /usr/lib/valgrind/vgpreload_memcheck-amd64-linux.so)
==14824==    by 0x4024BD: convert_func (in /home/hooney/workspace/random_string_sender/rand_str_sender)
==14824==    by 0x4E416B9: start_thread (pthread_create.c:333)
==14824== 
==14824== Invalid write of size 1
==14824==    at 0x50C71D9: vsprintf (iovsprintf.c:43)
==14824==    by 0x50AC9C6: sprintf (sprintf.c:32)
==14824==    by 0x4032D1: make_kv (in /home/hooney/workspace/random_string_sender/rand_str_sender)
==14824==    by 0x4025C0: convert_func (in /home/hooney/workspace/random_string_sender/rand_str_sender)
==14824==    by 0x4E416B9: start_thread (pthread_create.c:333)
==14824==  Address 0x5459374 is 5 bytes after a block of size 15 alloc'd
==14824==    at 0x4C2DB8F: malloc (in /usr/lib/valgrind/vgpreload_memcheck-amd64-linux.so)
==14824==    by 0x4024BD: convert_func (in /home/hooney/workspace/random_string_sender/rand_str_sender)
==14824==    by 0x4E416B9: start_thread (pthread_create.c:333)
==14824== 
==14824== Invalid write of size 1
==14824==    at 0x4C35035: __GI_mempcpy (in /usr/lib/valgrind/vgpreload_memcheck-amd64-linux.so)
==14824==    by 0x50D26CD: _IO_default_xsputn (genops.c:438)
==14824==    by 0x50A550A: vfprintf (vfprintf.c:1632)
==14824==    by 0x50C71CA: vsprintf (iovsprintf.c:42)
==14824==    by 0x50AC9C6: sprintf (sprintf.c:32)
==14824==    by 0x4032D1: make_kv (in /home/hooney/workspace/random_string_sender/rand_str_sender)
==14824==    by 0x4025E0: convert_func (in /home/hooney/workspace/random_string_sender/rand_str_sender)
==14824==    by 0x4E416B9: start_thread (pthread_create.c:333)
==14824==  Address 0x54593d4 is 3 bytes after a block of size 33 alloc'd
==14824==    at 0x4C2DB8F: malloc (in /usr/lib/valgrind/vgpreload_memcheck-amd64-linux.so)
==14824==    by 0x4024F0: convert_func (in /home/hooney/workspace/random_string_sender/rand_str_sender)
==14824==    by 0x4E416B9: start_thread (pthread_create.c:333)
==14824== 
==14824== Invalid write of size 1
==14824==    at 0x50C71D9: vsprintf (iovsprintf.c:43)
==14824==    by 0x50AC9C6: sprintf (sprintf.c:32)
==14824==    by 0x4032D1: make_kv (in /home/hooney/workspace/random_string_sender/rand_str_sender)
==14824==    by 0x4025E0: convert_func (in /home/hooney/workspace/random_string_sender/rand_str_sender)
==14824==    by 0x4E416B9: start_thread (pthread_create.c:333)
==14824==  Address 0x54593d6 is 5 bytes after a block of size 33 alloc'd
==14824==    at 0x4C2DB8F: malloc (in /usr/lib/valgrind/vgpreload_memcheck-amd64-linux.so)
==14824==    by 0x4024F0: convert_func (in /home/hooney/workspace/random_string_sender/rand_str_sender)
==14824==    by 0x4E416B9: start_thread (pthread_create.c:333)
==14824== 
==14824== Invalid read of size 1
==14824==    at 0x4C30F74: strlen (in /usr/lib/valgrind/vgpreload_memcheck-amd64-linux.so)
==14824==    by 0x40342B: make_json_msg (in /home/hooney/workspace/random_string_sender/rand_str_sender)
==14824==    by 0x402740: convert_func (in /home/hooney/workspace/random_string_sender/rand_str_sender)
==14824==    by 0x4E416B9: start_thread (pthread_create.c:333)
==14824==  Address 0x545936f is 0 bytes after a block of size 15 alloc'd
==14824==    at 0x4C2DB8F: malloc (in /usr/lib/valgrind/vgpreload_memcheck-amd64-linux.so)
==14824==    by 0x4024BD: convert_func (in /home/hooney/workspace/random_string_sender/rand_str_sender)
==14824==    by 0x4E416B9: start_thread (pthread_create.c:333)
==14824== 
==14824== Invalid read of size 1
==14824==    at 0x4C30F74: strlen (in /usr/lib/valgrind/vgpreload_memcheck-amd64-linux.so)
==14824==    by 0x403516: make_json_msg (in /home/hooney/workspace/random_string_sender/rand_str_sender)
==14824==    by 0x402740: convert_func (in /home/hooney/workspace/random_string_sender/rand_str_sender)
==14824==    by 0x4E416B9: start_thread (pthread_create.c:333)
==14824==  Address 0x545936f is 0 bytes after a block of size 15 alloc'd
==14824==    at 0x4C2DB8F: malloc (in /usr/lib/valgrind/vgpreload_memcheck-amd64-linux.so)
==14824==    by 0x4024BD: convert_func (in /home/hooney/workspace/random_string_sender/rand_str_sender)
==14824==    by 0x4E416B9: start_thread (pthread_create.c:333)
==14824== 
==14824== Invalid read of size 1
==14824==    at 0x4C30E00: strncat (in /usr/lib/valgrind/vgpreload_memcheck-amd64-linux.so)
==14824==    by 0x403532: make_json_msg (in /home/hooney/workspace/random_string_sender/rand_str_sender)
==14824==    by 0x402740: convert_func (in /home/hooney/workspace/random_string_sender/rand_str_sender)
==14824==    by 0x4E416B9: start_thread (pthread_create.c:333)
==14824==  Address 0x545936f is 0 bytes after a block of size 15 alloc'd
==14824==    at 0x4C2DB8F: malloc (in /usr/lib/valgrind/vgpreload_memcheck-amd64-linux.so)
==14824==    by 0x4024BD: convert_func (in /home/hooney/workspace/random_string_sender/rand_str_sender)
==14824==    by 0x4E416B9: start_thread (pthread_create.c:333)
==14824== 
==14824== Invalid read of size 1
==14824==    at 0x4C30F74: strlen (in /usr/lib/valgrind/vgpreload_memcheck-amd64-linux.so)
==14824==    by 0x403541: make_json_msg (in /home/hooney/workspace/random_string_sender/rand_str_sender)
==14824==    by 0x402740: convert_func (in /home/hooney/workspace/random_string_sender/rand_str_sender)
==14824==    by 0x4E416B9: start_thread (pthread_create.c:333)
==14824==  Address 0x545936f is 0 bytes after a block of size 15 alloc'd
==14824==    at 0x4C2DB8F: malloc (in /usr/lib/valgrind/vgpreload_memcheck-amd64-linux.so)
==14824==    by 0x4024BD: convert_func (in /home/hooney/workspace/random_string_sender/rand_str_sender)
==14824==    by 0x4E416B9: start_thread (pthread_create.c:333)
==14824== 
==14824== Invalid read of size 1
==14824==    at 0x4C30F62: strlen (in /usr/lib/valgrind/vgpreload_memcheck-amd64-linux.so)
==14824==    by 0x4024B2: convert_func (in /home/hooney/workspace/random_string_sender/rand_str_sender)
==14824==    by 0x4E416B9: start_thread (pthread_create.c:333)
==14824==  Address 0x5459010 is 0 bytes inside a block of size 10 free'd
==14824==    at 0x4C2EDEB: free (in /usr/lib/valgrind/vgpreload_memcheck-amd64-linux.so)
==14824==    by 0x401C88: release_str_with_tm (in /home/hooney/workspace/random_string_sender/rand_str_sender)
==14824==    by 0x403BFA: main (in /home/hooney/workspace/random_string_sender/rand_str_sender)
==14824==  Block was alloc'd at
==14824==    at 0x4C2DB8F: malloc (in /usr/lib/valgrind/vgpreload_memcheck-amd64-linux.so)
==14824==    by 0x401DEA: make_rand_str (in /home/hooney/workspace/random_string_sender/rand_str_sender)
==14824==    by 0x403C1C: main (in /home/hooney/workspace/random_string_sender/rand_str_sender)
==14824== 
==14824== Invalid read of size 1
==14824==    at 0x4C30F74: strlen (in /usr/lib/valgrind/vgpreload_memcheck-amd64-linux.so)
==14824==    by 0x4024B2: convert_func (in /home/hooney/workspace/random_string_sender/rand_str_sender)
==14824==    by 0x4E416B9: start_thread (pthread_create.c:333)
==14824==  Address 0x5459011 is 1 bytes inside a block of size 10 free'd
==14824==    at 0x4C2EDEB: free (in /usr/lib/valgrind/vgpreload_memcheck-amd64-linux.so)
==14824==    by 0x401C88: release_str_with_tm (in /home/hooney/workspace/random_string_sender/rand_str_sender)
==14824==    by 0x403BFA: main (in /home/hooney/workspace/random_string_sender/rand_str_sender)
==14824==  Block was alloc'd at
==14824==    at 0x4C2DB8F: malloc (in /usr/lib/valgrind/vgpreload_memcheck-amd64-linux.so)
==14824==    by 0x401DEA: make_rand_str (in /home/hooney/workspace/random_string_sender/rand_str_sender)
==14824==    by 0x403C1C: main (in /home/hooney/workspace/random_string_sender/rand_str_sender)
==14824== 
==14824== Invalid read of size 1
==14824==    at 0x4C30F62: strlen (in /usr/lib/valgrind/vgpreload_memcheck-amd64-linux.so)
==14824==    by 0x4024E5: convert_func (in /home/hooney/workspace/random_string_sender/rand_str_sender)
==14824==    by 0x4E416B9: start_thread (pthread_create.c:333)
==14824==  Address 0x5459060 is 0 bytes inside a block of size 100 free'd
==14824==    at 0x4C2EDEB: free (in /usr/lib/valgrind/vgpreload_memcheck-amd64-linux.so)
==14824==    by 0x401CB0: release_str_with_tm (in /home/hooney/workspace/random_string_sender/rand_str_sender)
==14824==    by 0x403BFA: main (in /home/hooney/workspace/random_string_sender/rand_str_sender)
==14824==  Block was alloc'd at
==14824==    at 0x4C2DB8F: malloc (in /usr/lib/valgrind/vgpreload_memcheck-amd64-linux.so)
==14824==    by 0x401E0A: make_rand_str (in /home/hooney/workspace/random_string_sender/rand_str_sender)
==14824==    by 0x403C1C: main (in /home/hooney/workspace/random_string_sender/rand_str_sender)
==14824== 
==14824== Invalid read of size 1
==14824==    at 0x4C30F74: strlen (in /usr/lib/valgrind/vgpreload_memcheck-amd64-linux.so)
==14824==    by 0x4024E5: convert_func (in /home/hooney/workspace/random_string_sender/rand_str_sender)
==14824==    by 0x4E416B9: start_thread (pthread_create.c:333)
==14824==  Address 0x5459061 is 1 bytes inside a block of size 100 free'd
==14824==    at 0x4C2EDEB: free (in /usr/lib/valgrind/vgpreload_memcheck-amd64-linux.so)
==14824==    by 0x401CB0: release_str_with_tm (in /home/hooney/workspace/random_string_sender/rand_str_sender)
==14824==    by 0x403BFA: main (in /home/hooney/workspace/random_string_sender/rand_str_sender)
==14824==  Block was alloc'd at
==14824==    at 0x4C2DB8F: malloc (in /usr/lib/valgrind/vgpreload_memcheck-amd64-linux.so)
==14824==    by 0x401E0A: make_rand_str (in /home/hooney/workspace/random_string_sender/rand_str_sender)
==14824==    by 0x403C1C: main (in /home/hooney/workspace/random_string_sender/rand_str_sender)
==14824== 
==14824== Invalid read of size 1
==14824==    at 0x4C30F62: strlen (in /usr/lib/valgrind/vgpreload_memcheck-amd64-linux.so)
==14824==    by 0x40254F: convert_func (in /home/hooney/workspace/random_string_sender/rand_str_sender)
==14824==    by 0x4E416B9: start_thread (pthread_create.c:333)
==14824==  Address 0x5459010 is 0 bytes inside a block of size 10 free'd
==14824==    at 0x4C2EDEB: free (in /usr/lib/valgrind/vgpreload_memcheck-amd64-linux.so)
==14824==    by 0x401C88: release_str_with_tm (in /home/hooney/workspace/random_string_sender/rand_str_sender)
==14824==    by 0x403BFA: main (in /home/hooney/workspace/random_string_sender/rand_str_sender)
==14824==  Block was alloc'd at
==14824==    at 0x4C2DB8F: malloc (in /usr/lib/valgrind/vgpreload_memcheck-amd64-linux.so)
==14824==    by 0x401DEA: make_rand_str (in /home/hooney/workspace/random_string_sender/rand_str_sender)
==14824==    by 0x403C1C: main (in /home/hooney/workspace/random_string_sender/rand_str_sender)
==14824== 
==14824== Invalid read of size 1
==14824==    at 0x4C30F74: strlen (in /usr/lib/valgrind/vgpreload_memcheck-amd64-linux.so)
==14824==    by 0x40254F: convert_func (in /home/hooney/workspace/random_string_sender/rand_str_sender)
==14824==    by 0x4E416B9: start_thread (pthread_create.c:333)
==14824==  Address 0x5459011 is 1 bytes inside a block of size 10 free'd
==14824==    at 0x4C2EDEB: free (in /usr/lib/valgrind/vgpreload_memcheck-amd64-linux.so)
==14824==    by 0x401C88: release_str_with_tm (in /home/hooney/workspace/random_string_sender/rand_str_sender)
==14824==    by 0x403BFA: main (in /home/hooney/workspace/random_string_sender/rand_str_sender)
==14824==  Block was alloc'd at
==14824==    at 0x4C2DB8F: malloc (in /usr/lib/valgrind/vgpreload_memcheck-amd64-linux.so)
==14824==    by 0x401DEA: make_rand_str (in /home/hooney/workspace/random_string_sender/rand_str_sender)
==14824==    by 0x403C1C: main (in /home/hooney/workspace/random_string_sender/rand_str_sender)
==14824== 
==14824== Invalid read of size 1
==14824==    at 0x4C30F62: strlen (in /usr/lib/valgrind/vgpreload_memcheck-amd64-linux.so)
==14824==    by 0x402588: convert_func (in /home/hooney/workspace/random_string_sender/rand_str_sender)
==14824==    by 0x4E416B9: start_thread (pthread_create.c:333)
==14824==  Address 0x5459060 is 0 bytes inside a block of size 100 free'd
==14824==    at 0x4C2EDEB: free (in /usr/lib/valgrind/vgpreload_memcheck-amd64-linux.so)
==14824==    by 0x401CB0: release_str_with_tm (in /home/hooney/workspace/random_string_sender/rand_str_sender)
==14824==    by 0x403BFA: main (in /home/hooney/workspace/random_string_sender/rand_str_sender)
==14824==  Block was alloc'd at
==14824==    at 0x4C2DB8F: malloc (in /usr/lib/valgrind/vgpreload_memcheck-amd64-linux.so)
==14824==    by 0x401E0A: make_rand_str (in /home/hooney/workspace/random_string_sender/rand_str_sender)
==14824==    by 0x403C1C: main (in /home/hooney/workspace/random_string_sender/rand_str_sender)
==14824== 
==14824== Invalid read of size 1
==14824==    at 0x4C30F74: strlen (in /usr/lib/valgrind/vgpreload_memcheck-amd64-linux.so)
==14824==    by 0x402588: convert_func (in /home/hooney/workspace/random_string_sender/rand_str_sender)
==14824==    by 0x4E416B9: start_thread (pthread_create.c:333)
==14824==  Address 0x5459061 is 1 bytes inside a block of size 100 free'd
==14824==    at 0x4C2EDEB: free (in /usr/lib/valgrind/vgpreload_memcheck-amd64-linux.so)
==14824==    by 0x401CB0: release_str_with_tm (in /home/hooney/workspace/random_string_sender/rand_str_sender)
==14824==    by 0x403BFA: main (in /home/hooney/workspace/random_string_sender/rand_str_sender)
==14824==  Block was alloc'd at
==14824==    at 0x4C2DB8F: malloc (in /usr/lib/valgrind/vgpreload_memcheck-amd64-linux.so)
==14824==    by 0x401E0A: make_rand_str (in /home/hooney/workspace/random_string_sender/rand_str_sender)
==14824==    by 0x403C1C: main (in /home/hooney/workspace/random_string_sender/rand_str_sender)
==14824== 
==14824== Invalid read of size 1
==14824==    at 0x50A5CC0: vfprintf (vfprintf.c:1632)
==14824==    by 0x50C71CA: vsprintf (iovsprintf.c:42)
==14824==    by 0x50AC9C6: sprintf (sprintf.c:32)
==14824==    by 0x4032D1: make_kv (in /home/hooney/workspace/random_string_sender/rand_str_sender)
==14824==    by 0x4025C0: convert_func (in /home/hooney/workspace/random_string_sender/rand_str_sender)
==14824==    by 0x4E416B9: start_thread (pthread_create.c:333)
==14824==  Address 0x5459010 is 0 bytes inside a block of size 10 free'd
==14824==    at 0x4C2EDEB: free (in /usr/lib/valgrind/vgpreload_memcheck-amd64-linux.so)
==14824==    by 0x401C88: release_str_with_tm (in /home/hooney/workspace/random_string_sender/rand_str_sender)
==14824==    by 0x403BFA: main (in /home/hooney/workspace/random_string_sender/rand_str_sender)
==14824==  Block was alloc'd at
==14824==    at 0x4C2DB8F: malloc (in /usr/lib/valgrind/vgpreload_memcheck-amd64-linux.so)
==14824==    by 0x401DEA: make_rand_str (in /home/hooney/workspace/random_string_sender/rand_str_sender)
==14824==    by 0x403C1C: main (in /home/hooney/workspace/random_string_sender/rand_str_sender)
==14824== 
==14824== Invalid read of size 1
==14824==    at 0x50D2676: _IO_default_xsputn (genops.c:450)
==14824==    by 0x50A550A: vfprintf (vfprintf.c:1632)
==14824==    by 0x50C71CA: vsprintf (iovsprintf.c:42)
==14824==    by 0x50AC9C6: sprintf (sprintf.c:32)
==14824==    by 0x4032D1: make_kv (in /home/hooney/workspace/random_string_sender/rand_str_sender)
==14824==    by 0x4025C0: convert_func (in /home/hooney/workspace/random_string_sender/rand_str_sender)
==14824==    by 0x4E416B9: start_thread (pthread_create.c:333)
==14824==  Address 0x5459010 is 0 bytes inside a block of size 10 free'd
==14824==    at 0x4C2EDEB: free (in /usr/lib/valgrind/vgpreload_memcheck-amd64-linux.so)
==14824==    by 0x401C88: release_str_with_tm (in /home/hooney/workspace/random_string_sender/rand_str_sender)
==14824==    by 0x403BFA: main (in /home/hooney/workspace/random_string_sender/rand_str_sender)
==14824==  Block was alloc'd at
==14824==    at 0x4C2DB8F: malloc (in /usr/lib/valgrind/vgpreload_memcheck-amd64-linux.so)
==14824==    by 0x401DEA: make_rand_str (in /home/hooney/workspace/random_string_sender/rand_str_sender)
==14824==    by 0x403C1C: main (in /home/hooney/workspace/random_string_sender/rand_str_sender)
==14824== 
==14824== Invalid read of size 1
==14824==    at 0x50D2685: _IO_default_xsputn (genops.c:449)
==14824==    by 0x50A550A: vfprintf (vfprintf.c:1632)
==14824==    by 0x50C71CA: vsprintf (iovsprintf.c:42)
==14824==    by 0x50AC9C6: sprintf (sprintf.c:32)
==14824==    by 0x4032D1: make_kv (in /home/hooney/workspace/random_string_sender/rand_str_sender)
==14824==    by 0x4025C0: convert_func (in /home/hooney/workspace/random_string_sender/rand_str_sender)
==14824==    by 0x4E416B9: start_thread (pthread_create.c:333)
==14824==  Address 0x5459012 is 2 bytes inside a block of size 10 free'd
==14824==    at 0x4C2EDEB: free (in /usr/lib/valgrind/vgpreload_memcheck-amd64-linux.so)
==14824==    by 0x401C88: release_str_with_tm (in /home/hooney/workspace/random_string_sender/rand_str_sender)
==14824==    by 0x403BFA: main (in /home/hooney/workspace/random_string_sender/rand_str_sender)
==14824==  Block was alloc'd at
==14824==    at 0x4C2DB8F: malloc (in /usr/lib/valgrind/vgpreload_memcheck-amd64-linux.so)
==14824==    by 0x401DEA: make_rand_str (in /home/hooney/workspace/random_string_sender/rand_str_sender)
==14824==    by 0x403C1C: main (in /home/hooney/workspace/random_string_sender/rand_str_sender)
==14824== 
==14824== Invalid read of size 1
==14824==    at 0x4C35030: __GI_mempcpy (in /usr/lib/valgrind/vgpreload_memcheck-amd64-linux.so)
==14824==    by 0x50D26CD: _IO_default_xsputn (genops.c:438)
==14824==    by 0x50A550A: vfprintf (vfprintf.c:1632)
==14824==    by 0x50C71CA: vsprintf (iovsprintf.c:42)
==14824==    by 0x50AC9C6: sprintf (sprintf.c:32)
==14824==    by 0x4032D1: make_kv (in /home/hooney/workspace/random_string_sender/rand_str_sender)
==14824==    by 0x4025E0: convert_func (in /home/hooney/workspace/random_string_sender/rand_str_sender)
==14824==    by 0x4E416B9: start_thread (pthread_create.c:333)
==14824==  Address 0x5459077 is 23 bytes inside a block of size 100 free'd
==14824==    at 0x4C2EDEB: free (in /usr/lib/valgrind/vgpreload_memcheck-amd64-linux.so)
==14824==    by 0x401CB0: release_str_with_tm (in /home/hooney/workspace/random_string_sender/rand_str_sender)
==14824==    by 0x403BFA: main (in /home/hooney/workspace/random_string_sender/rand_str_sender)
==14824==  Block was alloc'd at
==14824==    at 0x4C2DB8F: malloc (in /usr/lib/valgrind/vgpreload_memcheck-amd64-linux.so)
==14824==    by 0x401E0A: make_rand_str (in /home/hooney/workspace/random_string_sender/rand_str_sender)
==14824==    by 0x403C1C: main (in /home/hooney/workspace/random_string_sender/rand_str_sender)
==14824== 
==14824== Invalid read of size 1
==14824==    at 0x4C35040: __GI_mempcpy (in /usr/lib/valgrind/vgpreload_memcheck-amd64-linux.so)
==14824==    by 0x50D26CD: _IO_default_xsputn (genops.c:438)
==14824==    by 0x50A550A: vfprintf (vfprintf.c:1632)
==14824==    by 0x50C71CA: vsprintf (iovsprintf.c:42)
==14824==    by 0x50AC9C6: sprintf (sprintf.c:32)
==14824==    by 0x4032D1: make_kv (in /home/hooney/workspace/random_string_sender/rand_str_sender)
==14824==    by 0x4025E0: convert_func (in /home/hooney/workspace/random_string_sender/rand_str_sender)
==14824==    by 0x4E416B9: start_thread (pthread_create.c:333)
==14824==  Address 0x5459075 is 21 bytes inside a block of size 100 free'd
==14824==    at 0x4C2EDEB: free (in /usr/lib/valgrind/vgpreload_memcheck-amd64-linux.so)
==14824==    by 0x401CB0: release_str_with_tm (in /home/hooney/workspace/random_string_sender/rand_str_sender)
==14824==    by 0x403BFA: main (in /home/hooney/workspace/random_string_sender/rand_str_sender)
==14824==  Block was alloc'd at
==14824==    at 0x4C2DB8F: malloc (in /usr/lib/valgrind/vgpreload_memcheck-amd64-linux.so)
==14824==    by 0x401E0A: make_rand_str (in /home/hooney/workspace/random_string_sender/rand_str_sender)
==14824==    by 0x403C1C: main (in /home/hooney/workspace/random_string_sender/rand_str_sender)
==14824== 
==14824== Invalid write of size 1
==14824==    at 0x50C71D9: vsprintf (iovsprintf.c:43)
==14824==    by 0x50AC9C6: sprintf (sprintf.c:32)
==14824==    by 0x4032D1: make_kv (in /home/hooney/workspace/random_string_sender/rand_str_sender)
==14824==    by 0x402818: convert_func (in /home/hooney/workspace/random_string_sender/rand_str_sender)
==14824==    by 0x4E416B9: start_thread (pthread_create.c:333)
==14824==  Address 0x545a07c is 5 bytes after a block of size 7 alloc'd
==14824==    at 0x4C2DB8F: malloc (in /usr/lib/valgrind/vgpreload_memcheck-amd64-linux.so)
==14824==    by 0x4027C7: convert_func (in /home/hooney/workspace/random_string_sender/rand_str_sender)
==14824==    by 0x4E416B9: start_thread (pthread_create.c:333)
==14824== 
==14824== Invalid read of size 1
==14824==    at 0x4C30F62: strlen (in /usr/lib/valgrind/vgpreload_memcheck-amd64-linux.so)
==14824==    by 0x40286C: convert_func (in /home/hooney/workspace/random_string_sender/rand_str_sender)
==14824==    by 0x4E416B9: start_thread (pthread_create.c:333)
==14824==  Address 0x5459060 is 0 bytes inside a block of size 100 free'd
==14824==    at 0x4C2EDEB: free (in /usr/lib/valgrind/vgpreload_memcheck-amd64-linux.so)
==14824==    by 0x401CB0: release_str_with_tm (in /home/hooney/workspace/random_string_sender/rand_str_sender)
==14824==    by 0x403BFA: main (in /home/hooney/workspace/random_string_sender/rand_str_sender)
==14824==  Block was alloc'd at
==14824==    at 0x4C2DB8F: malloc (in /usr/lib/valgrind/vgpreload_memcheck-amd64-linux.so)
==14824==    by 0x401E0A: make_rand_str (in /home/hooney/workspace/random_string_sender/rand_str_sender)
==14824==    by 0x403C1C: main (in /home/hooney/workspace/random_string_sender/rand_str_sender)
==14824== 
==14824== Invalid read of size 1
==14824==    at 0x4C30F74: strlen (in /usr/lib/valgrind/vgpreload_memcheck-amd64-linux.so)
==14824==    by 0x40286C: convert_func (in /home/hooney/workspace/random_string_sender/rand_str_sender)
==14824==    by 0x4E416B9: start_thread (pthread_create.c:333)
==14824==  Address 0x5459061 is 1 bytes inside a block of size 100 free'd
==14824==    at 0x4C2EDEB: free (in /usr/lib/valgrind/vgpreload_memcheck-amd64-linux.so)
==14824==    by 0x401CB0: release_str_with_tm (in /home/hooney/workspace/random_string_sender/rand_str_sender)
==14824==    by 0x403BFA: main (in /home/hooney/workspace/random_string_sender/rand_str_sender)
==14824==  Block was alloc'd at
==14824==    at 0x4C2DB8F: malloc (in /usr/lib/valgrind/vgpreload_memcheck-amd64-linux.so)
==14824==    by 0x401E0A: make_rand_str (in /home/hooney/workspace/random_string_sender/rand_str_sender)
==14824==    by 0x403C1C: main (in /home/hooney/workspace/random_string_sender/rand_str_sender)
==14824== 
==14824== Invalid write of size 1
==14824==    at 0x50C71D9: vsprintf (iovsprintf.c:43)
==14824==    by 0x50AC9C6: sprintf (sprintf.c:32)
==14824==    by 0x4032D1: make_kv (in /home/hooney/workspace/random_string_sender/rand_str_sender)
==14824==    by 0x40289E: convert_func (in /home/hooney/workspace/random_string_sender/rand_str_sender)
==14824==    by 0x4E416B9: start_thread (pthread_create.c:333)
==14824==  Address 0x545a0e7 is 5 bytes after a block of size 34 alloc'd
==14824==    at 0x4C2DB8F: malloc (in /usr/lib/valgrind/vgpreload_memcheck-amd64-linux.so)
==14824==    by 0x402844: convert_func (in /home/hooney/workspace/random_string_sender/rand_str_sender)
==14824==    by 0x4E416B9: start_thread (pthread_create.c:333)
==14824== 
==14824== Invalid write of size 1
==14824==    at 0x50C71D9: vsprintf (iovsprintf.c:43)
==14824==    by 0x50AC9C6: sprintf (sprintf.c:32)
==14824==    by 0x4032D1: make_kv (in /home/hooney/workspace/random_string_sender/rand_str_sender)
==14824==    by 0x4028BE: convert_func (in /home/hooney/workspace/random_string_sender/rand_str_sender)
==14824==    by 0x4E416B9: start_thread (pthread_create.c:333)
==14824==  Address 0x545a155 is 5 bytes after a block of size 32 alloc'd
==14824==    at 0x4C2DB8F: malloc (in /usr/lib/valgrind/vgpreload_memcheck-amd64-linux.so)
==14824==    by 0x402877: convert_func (in /home/hooney/workspace/random_string_sender/rand_str_sender)
==14824==    by 0x4E416B9: start_thread (pthread_create.c:333)
==14824== 
==14824== Invalid write of size 2
==14824==    at 0x4029B8: convert_func (in /home/hooney/workspace/random_string_sender/rand_str_sender)
==14824==    by 0x4E416B9: start_thread (pthread_create.c:333)
==14824==  Address 0x545a3fb is 619 bytes inside a block of size 620 alloc'd
==14824==    at 0x4C2DB8F: malloc (in /usr/lib/valgrind/vgpreload_memcheck-amd64-linux.so)
==14824==    by 0x4028E4: convert_func (in /home/hooney/workspace/random_string_sender/rand_str_sender)
==14824==    by 0x4E416B9: start_thread (pthread_create.c:333)
==14824== 
==14824== Invalid read of size 1
==14824==    at 0x4C30F74: strlen (in /usr/lib/valgrind/vgpreload_memcheck-amd64-linux.so)
==14824==    by 0x4029E7: convert_func (in /home/hooney/workspace/random_string_sender/rand_str_sender)
==14824==    by 0x4E416B9: start_thread (pthread_create.c:333)
==14824==  Address 0x545a3fc is 0 bytes after a block of size 620 alloc'd
==14824==    at 0x4C2DB8F: malloc (in /usr/lib/valgrind/vgpreload_memcheck-amd64-linux.so)
==14824==    by 0x4028E4: convert_func (in /home/hooney/workspace/random_string_sender/rand_str_sender)
==14824==    by 0x4E416B9: start_thread (pthread_create.c:333)
==14824== 
==14824== Invalid write of size 1
==14824==    at 0x4C3507C: __GI_mempcpy (in /usr/lib/valgrind/vgpreload_memcheck-amd64-linux.so)
==14824==    by 0x50D26CD: _IO_default_xsputn (genops.c:438)
==14824==    by 0x50A550A: vfprintf (vfprintf.c:1632)
==14824==    by 0x50C71CA: vsprintf (iovsprintf.c:42)
==14824==    by 0x50AC9C6: sprintf (sprintf.c:32)
==14824==    by 0x4036B4: make_json_msg (in /home/hooney/workspace/random_string_sender/rand_str_sender)
==14824==    by 0x402A20: convert_func (in /home/hooney/workspace/random_string_sender/rand_str_sender)
==14824==    by 0x4E416B9: start_thread (pthread_create.c:333)
==14824==  Address 0x545a6ae is 0 bytes after a block of size 622 alloc'd
==14824==    at 0x4C2DB8F: malloc (in /usr/lib/valgrind/vgpreload_memcheck-amd64-linux.so)
==14824==    by 0x4035F0: make_json_msg (in /home/hooney/workspace/random_string_sender/rand_str_sender)
==14824==    by 0x402A20: convert_func (in /home/hooney/workspace/random_string_sender/rand_str_sender)
==14824==    by 0x4E416B9: start_thread (pthread_create.c:333)
==14824== 
==14824== Invalid write of size 1
==14824==    at 0x50C71D9: vsprintf (iovsprintf.c:43)
==14824==    by 0x50AC9C6: sprintf (sprintf.c:32)
==14824==    by 0x4036B4: make_json_msg (in /home/hooney/workspace/random_string_sender/rand_str_sender)
==14824==    by 0x402A20: convert_func (in /home/hooney/workspace/random_string_sender/rand_str_sender)
==14824==    by 0x4E416B9: start_thread (pthread_create.c:333)
==14824==  Address 0x545a6b5 is 7 bytes after a block of size 622 alloc'd
==14824==    at 0x4C2DB8F: malloc (in /usr/lib/valgrind/vgpreload_memcheck-amd64-linux.so)
==14824==    by 0x4035F0: make_json_msg (in /home/hooney/workspace/random_string_sender/rand_str_sender)
==14824==    by 0x402A20: convert_func (in /home/hooney/workspace/random_string_sender/rand_str_sender)
==14824==    by 0x4E416B9: start_thread (pthread_create.c:333)
==14824== 
==14824== Invalid read of size 1
==14824==    at 0x4C30F74: strlen (in /usr/lib/valgrind/vgpreload_memcheck-amd64-linux.so)
==14824==    by 0x40342B: make_json_msg (in /home/hooney/workspace/random_string_sender/rand_str_sender)
==14824==    by 0x402A77: convert_func (in /home/hooney/workspace/random_string_sender/rand_str_sender)
==14824==    by 0x4E416B9: start_thread (pthread_create.c:333)
==14824==  Address 0x545a0e2 is 0 bytes after a block of size 34 alloc'd
==14824==    at 0x4C2DB8F: malloc (in /usr/lib/valgrind/vgpreload_memcheck-amd64-linux.so)
==14824==    by 0x402844: convert_func (in /home/hooney/workspace/random_string_sender/rand_str_sender)
==14824==    by 0x4E416B9: start_thread (pthread_create.c:333)
==14824== 
==14824== Invalid read of size 1
==14824==    at 0x4C30F74: strlen (in /usr/lib/valgrind/vgpreload_memcheck-amd64-linux.so)
==14824==    by 0x403516: make_json_msg (in /home/hooney/workspace/random_string_sender/rand_str_sender)
==14824==    by 0x402A77: convert_func (in /home/hooney/workspace/random_string_sender/rand_str_sender)
==14824==    by 0x4E416B9: start_thread (pthread_create.c:333)
==14824==  Address 0x545a0e2 is 0 bytes after a block of size 34 alloc'd
==14824==    at 0x4C2DB8F: malloc (in /usr/lib/valgrind/vgpreload_memcheck-amd64-linux.so)
==14824==    by 0x402844: convert_func (in /home/hooney/workspace/random_string_sender/rand_str_sender)
==14824==    by 0x4E416B9: start_thread (pthread_create.c:333)
==14824== 
==14824== Invalid read of size 1
==14824==    at 0x4C30E00: strncat (in /usr/lib/valgrind/vgpreload_memcheck-amd64-linux.so)
==14824==    by 0x403532: make_json_msg (in /home/hooney/workspace/random_string_sender/rand_str_sender)
==14824==    by 0x402A77: convert_func (in /home/hooney/workspace/random_string_sender/rand_str_sender)
==14824==    by 0x4E416B9: start_thread (pthread_create.c:333)
==14824==  Address 0x545a0e2 is 0 bytes after a block of size 34 alloc'd
==14824==    at 0x4C2DB8F: malloc (in /usr/lib/valgrind/vgpreload_memcheck-amd64-linux.so)
==14824==    by 0x402844: convert_func (in /home/hooney/workspace/random_string_sender/rand_str_sender)
==14824==    by 0x4E416B9: start_thread (pthread_create.c:333)
==14824== 
==14824== Invalid read of size 1
==14824==    at 0x4C30F74: strlen (in /usr/lib/valgrind/vgpreload_memcheck-amd64-linux.so)
==14824==    by 0x403541: make_json_msg (in /home/hooney/workspace/random_string_sender/rand_str_sender)
==14824==    by 0x402A77: convert_func (in /home/hooney/workspace/random_string_sender/rand_str_sender)
==14824==    by 0x4E416B9: start_thread (pthread_create.c:333)
==14824==  Address 0x545a0e2 is 0 bytes after a block of size 34 alloc'd
==14824==    at 0x4C2DB8F: malloc (in /usr/lib/valgrind/vgpreload_memcheck-amd64-linux.so)
==14824==    by 0x402844: convert_func (in /home/hooney/workspace/random_string_sender/rand_str_sender)
==14824==    by 0x4E416B9: start_thread (pthread_create.c:333)
==14824== 
==14824== Thread 2:
==14824== Conditional jump or move depends on uninitialised value(s)
==14824==    at 0x50A5CC0: vfprintf (vfprintf.c:1632)
==14824==    by 0x50A6EF0: buffered_vfprintf (vfprintf.c:2320)
==14824==    by 0x50A432C: vfprintf (vfprintf.c:1293)
==14824==    by 0x50AC7F6: fprintf (fprintf.c:32)
==14824==    by 0x403204: send_func (in /home/hooney/workspace/random_string_sender/rand_str_sender)
==14824==    by 0x4E416B9: start_thread (pthread_create.c:333)
==14824== 
==14824== 
==14824== Process terminating with default action of signal 2 (SIGINT)
==14824==    at 0x512330D: ??? (syscall-template.S:84)
==14824==    by 0x5154D53: usleep (usleep.c:32)
==14824==    by 0x403A25: main (in /home/hooney/workspace/random_string_sender/rand_str_sender)
==14824== 
==14824== HEAP SUMMARY:
==14824==     in use at exit: 1,501,202 bytes in 13,044 blocks
==14824==   total heap usage: 25,821 allocs, 12,777 frees, 2,085,754 bytes allocated
==14824== 
==14824== Thread 1:
==14824== 64 bytes in 1 blocks are still reachable in loss record 1 of 16
==14824==    at 0x4C2DB8F: malloc (in /usr/lib/valgrind/vgpreload_memcheck-amd64-linux.so)
==14824==    by 0x4016ED: create_queue (in /home/hooney/workspace/random_string_sender/rand_str_sender)
==14824==    by 0x402C9D: init_sender (in /home/hooney/workspace/random_string_sender/rand_str_sender)
==14824==    by 0x40387C: main (in /home/hooney/workspace/random_string_sender/rand_str_sender)
==14824== 
==14824== 64 bytes in 1 blocks are still reachable in loss record 2 of 16
==14824==    at 0x4C2DB8F: malloc (in /usr/lib/valgrind/vgpreload_memcheck-amd64-linux.so)
==14824==    by 0x4016ED: create_queue (in /home/hooney/workspace/random_string_sender/rand_str_sender)
==14824==    by 0x402162: init_converter (in /home/hooney/workspace/random_string_sender/rand_str_sender)
==14824==    by 0x4038C1: main (in /home/hooney/workspace/random_string_sender/rand_str_sender)
==14824== 
==14824== 272 bytes in 1 blocks are possibly lost in loss record 3 of 16
==14824==    at 0x4C2FB55: calloc (in /usr/lib/valgrind/vgpreload_memcheck-amd64-linux.so)
==14824==    by 0x40138A4: allocate_dtv (dl-tls.c:322)
==14824==    by 0x40138A4: _dl_allocate_tls (dl-tls.c:539)
==14824==    by 0x4E4226E: allocate_stack (allocatestack.c:588)
==14824==    by 0x4E4226E: pthread_create@@GLIBC_2.2.5 (pthread_create.c:539)
==14824==    by 0x40395A: main (in /home/hooney/workspace/random_string_sender/rand_str_sender)
==14824== 
==14824== 272 bytes in 1 blocks are possibly lost in loss record 4 of 16
==14824==    at 0x4C2FB55: calloc (in /usr/lib/valgrind/vgpreload_memcheck-amd64-linux.so)
==14824==    by 0x40138A4: allocate_dtv (dl-tls.c:322)
==14824==    by 0x40138A4: _dl_allocate_tls (dl-tls.c:539)
==14824==    by 0x4E4226E: allocate_stack (allocatestack.c:588)
==14824==    by 0x4E4226E: pthread_create@@GLIBC_2.2.5 (pthread_create.c:539)
==14824==    by 0x403983: main (in /home/hooney/workspace/random_string_sender/rand_str_sender)
==14824== 
==14824== 622 bytes in 1 blocks are still reachable in loss record 5 of 16
==14824==    at 0x4C2DB8F: malloc (in /usr/lib/valgrind/vgpreload_memcheck-amd64-linux.so)
==14824==    by 0x4035F0: make_json_msg (in /home/hooney/workspace/random_string_sender/rand_str_sender)
==14824==    by 0x402A20: convert_func (in /home/hooney/workspace/random_string_sender/rand_str_sender)
==14824==    by 0x4E416B9: start_thread (pthread_create.c:333)
==14824== 
==14824== 9,010 bytes in 901 blocks are still reachable in loss record 6 of 16
==14824==    at 0x4C2DB8F: malloc (in /usr/lib/valgrind/vgpreload_memcheck-amd64-linux.so)
==14824==    by 0x401DEA: make_rand_str (in /home/hooney/workspace/random_string_sender/rand_str_sender)
==14824==    by 0x403C1C: main (in /home/hooney/workspace/random_string_sender/rand_str_sender)
==14824== 
==14824== 21,090 bytes in 2,109 blocks are definitely lost in loss record 7 of 16
==14824==    at 0x4C2DB8F: malloc (in /usr/lib/valgrind/vgpreload_memcheck-amd64-linux.so)
==14824==    by 0x401DEA: make_rand_str (in /home/hooney/workspace/random_string_sender/rand_str_sender)
==14824==    by 0x403C1C: main (in /home/hooney/workspace/random_string_sender/rand_str_sender)
==14824== 
==14824== 88,000 bytes in 1 blocks are still reachable in loss record 8 of 16
==14824==    at 0x4C2DB8F: malloc (in /usr/lib/valgrind/vgpreload_memcheck-amd64-linux.so)
==14824==    by 0x401747: create_queue (in /home/hooney/workspace/random_string_sender/rand_str_sender)
==14824==    by 0x402C9D: init_sender (in /home/hooney/workspace/random_string_sender/rand_str_sender)
==14824==    by 0x40387C: main (in /home/hooney/workspace/random_string_sender/rand_str_sender)
==14824== 
==14824== 88,000 bytes in 1 blocks are still reachable in loss record 9 of 16
==14824==    at 0x4C2DB8F: malloc (in /usr/lib/valgrind/vgpreload_memcheck-amd64-linux.so)
==14824==    by 0x401747: create_queue (in /home/hooney/workspace/random_string_sender/rand_str_sender)
==14824==    by 0x402162: init_converter (in /home/hooney/workspace/random_string_sender/rand_str_sender)
==14824==    by 0x4038C1: main (in /home/hooney/workspace/random_string_sender/rand_str_sender)
==14824== 
==14824== 90,200 bytes in 902 blocks are still reachable in loss record 10 of 16
==14824==    at 0x4C2DB8F: malloc (in /usr/lib/valgrind/vgpreload_memcheck-amd64-linux.so)
==14824==    by 0x401E0A: make_rand_str (in /home/hooney/workspace/random_string_sender/rand_str_sender)
==14824==    by 0x403C1C: main (in /home/hooney/workspace/random_string_sender/rand_str_sender)
==14824== 
==14824== 100,912 bytes in 901 blocks are still reachable in loss record 11 of 16
==14824==    at 0x4C2DB8F: malloc (in /usr/lib/valgrind/vgpreload_memcheck-amd64-linux.so)
==14824==    by 0x401DC9: make_rand_str (in /home/hooney/workspace/random_string_sender/rand_str_sender)
==14824==    by 0x403C1C: main (in /home/hooney/workspace/random_string_sender/rand_str_sender)
==14824== 
==14824== 207,080 bytes in 3,340 blocks are definitely lost in loss record 12 of 16
==14824==    at 0x4C2DB8F: malloc (in /usr/lib/valgrind/vgpreload_memcheck-amd64-linux.so)
==14824==    by 0x4035F0: make_json_msg (in /home/hooney/workspace/random_string_sender/rand_str_sender)
==14824==    by 0x402740: convert_func (in /home/hooney/workspace/random_string_sender/rand_str_sender)
==14824==    by 0x4E416B9: start_thread (pthread_create.c:333)
==14824== 
==14824== 207,126 bytes in 333 blocks are definitely lost in loss record 13 of 16
==14824==    at 0x4C2DB8F: malloc (in /usr/lib/valgrind/vgpreload_memcheck-amd64-linux.so)
==14824==    by 0x4035F0: make_json_msg (in /home/hooney/workspace/random_string_sender/rand_str_sender)
==14824==    by 0x402A20: convert_func (in /home/hooney/workspace/random_string_sender/rand_str_sender)
==14824==    by 0x4E416B9: start_thread (pthread_create.c:333)
==14824== 
==14824== 210,800 bytes in 2,108 blocks are definitely lost in loss record 14 of 16
==14824==    at 0x4C2DB8F: malloc (in /usr/lib/valgrind/vgpreload_memcheck-amd64-linux.so)
==14824==    by 0x401E0A: make_rand_str (in /home/hooney/workspace/random_string_sender/rand_str_sender)
==14824==    by 0x403C1C: main (in /home/hooney/workspace/random_string_sender/rand_str_sender)
==14824== 
==14824== 236,208 bytes in 2,109 blocks are definitely lost in loss record 15 of 16
==14824==    at 0x4C2DB8F: malloc (in /usr/lib/valgrind/vgpreload_memcheck-amd64-linux.so)
==14824==    by 0x401DC9: make_rand_str (in /home/hooney/workspace/random_string_sender/rand_str_sender)
==14824==    by 0x403C1C: main (in /home/hooney/workspace/random_string_sender/rand_str_sender)
==14824== 
==14824== 241,482 bytes in 334 blocks are still reachable in loss record 16 of 16
==14824==    at 0x4C2DB8F: malloc (in /usr/lib/valgrind/vgpreload_memcheck-amd64-linux.so)
==14824==    by 0x4035F0: make_json_msg (in /home/hooney/workspace/random_string_sender/rand_str_sender)
==14824==    by 0x402A77: convert_func (in /home/hooney/workspace/random_string_sender/rand_str_sender)
==14824==    by 0x4E416B9: start_thread (pthread_create.c:333)
==14824== 
==14824== LEAK SUMMARY:
==14824==    definitely lost: 882,304 bytes in 9,999 blocks
==14824==    indirectly lost: 0 bytes in 0 blocks
==14824==      possibly lost: 544 bytes in 2 blocks
==14824==    still reachable: 618,354 bytes in 3,043 blocks
==14824==         suppressed: 0 bytes in 0 blocks
==14824== 
==14824== For counts of detected and suppressed errors, rerun with: -v
==14824== Use --track-origins=yes to see where uninitialised values come from
==14824== ERROR SUMMARY: 307621 errors from 43 contexts (suppressed: 0 from 0)
